<?xml version="1.0" encoding="UTF-8"?>
<testng-results ignored="0" total="1" passed="1" failed="0" skipped="0">
  <reporter-output>
  </reporter-output>
  <suite started-at="2026-05-05T14:42:22 IST" name="Default suite" finished-at="2026-05-05T14:42:32 IST" duration-ms="10406">
    <groups>
    </groups>
    <test started-at="2026-05-05T14:42:22 IST" name="Default test" finished-at="2026-05-05T14:42:32 IST" duration-ms="10406">
      <class name="browsers.BrowsersLaunching">
        <test-method signature="f()[pri:0, instance:browsers.BrowsersLaunching@6b2ea799]" started-at="2026-05-05T14:42:22 IST" name="f" finished-at="2026-05-05T14:42:32 IST" duration-ms="10313" status="PASS">
          <reporter-output>
          </reporter-output>
        </test-method> <!-- f -->
      </class> <!-- browsers.BrowsersLaunching -->
    </test> <!-- Default test -->
  </suite> <!-- Default suite -->
</testng-results>
