<?xml version="1.0" encoding="UTF-8"?>
<!-- Generated by org.testng.reporters.JUnitReportReporter -->
<testsuite hostname="DESKTOP-7AN26SU" failures="0" tests="3" name="browsers.TechlearnLogin" time="40.393" errors="0" timestamp="2026-05-05T11:03:26 IST" skipped="0">
  <testcase classname="browsers.TechlearnLogin" name="techlearn" time="37.629"/>
  <testcase classname="browsers.TechlearnLogin" name="google" time="1.076"/>
  <testcase classname="browsers.TechlearnLogin" name="facebook" time="1.688"/>
</testsuite> <!-- browsers.TechlearnLogin -->
